<?xml version="1.0" encoding="UTF-8"?>
<robot generator="Robot 6.1 (Python 3.11.3 on darwin)" generated="20230719 08:28:37.349" rpa="false" schemaversion="4">
<suite id="s1" name="Google Search" source="/Users/sritadip/Documents/learn_terraform/google_search.robot">
<test id="s1-t1" name="User Can Perform Google Search" line="10">
<kw name="Open Search Page">
<kw name="Open Browser" library="SeleniumLibrary">
<arg>${SEARCH_URL}</arg>
<arg>${BROWSER}</arg>
<doc>Opens a new browser instance to the optional ``url``.</doc>
<msg timestamp="20230719 08:28:37.637" level="INFO">Opening browser 'chrome' to base url 'https://www.google.com'.</msg>
<msg timestamp="20230719 08:28:48.773" level="INFO">Cannot capture screenshot because no browser is open.</msg>
<msg timestamp="20230719 08:28:48.774" level="FAIL">WebDriverException: Message: Service chromedriver unexpectedly exited. Status code was: -9
</msg>
<status status="FAIL" starttime="20230719 08:28:37.637" endtime="20230719 08:28:48.789"/>
</kw>
<kw name="Maximize Browser Window" library="SeleniumLibrary">
<doc>Maximizes current browser window.</doc>
<status status="NOT RUN" starttime="20230719 08:28:48.789" endtime="20230719 08:28:48.789"/>
</kw>
<status status="FAIL" starttime="20230719 08:28:37.636" endtime="20230719 08:28:48.790"/>
</kw>
<kw name="Input Query">
<arg>${QUERY}</arg>
<status status="NOT RUN" starttime="20230719 08:28:48.790" endtime="20230719 08:28:48.790"/>
</kw>
<kw name="Submit Query">
<status status="NOT RUN" starttime="20230719 08:28:48.790" endtime="20230719 08:28:48.790"/>
</kw>
<kw name="Close Browser" library="SeleniumLibrary" type="TEARDOWN">
<doc>Closes the current browser.</doc>
<status status="PASS" starttime="20230719 08:28:48.791" endtime="20230719 08:28:48.791"/>
</kw>
<status status="FAIL" starttime="20230719 08:28:37.635" endtime="20230719 08:28:48.791">WebDriverException: Message: Service chromedriver unexpectedly exited. Status code was: -9
</status>
</test>
<status status="FAIL" starttime="20230719 08:28:37.351" endtime="20230719 08:28:48.792"/>
</suite>
<statistics>
<total>
<stat pass="0" fail="1" skip="0">All Tests</stat>
</total>
<tag>
</tag>
<suite>
<stat pass="0" fail="1" skip="0" id="s1" name="Google Search">Google Search</stat>
</suite>
</statistics>
<errors>
</errors>
</robot>
